[ 2017-09-01T10:07:47+08:00 ] 0.0.0.0 /webshixun/index.php/Index/index.html
INFO: [ view_parse ] --START--
INFO: ParseTemplate Behavior ::run [ RunTime:0.008600s ]
INFO: [ view_parse ] --END-- [ RunTime:0.008662s ]
INFO: [ view_filter ] --START--
INFO: ContentReplace Behavior ::run [ RunTime:0.000294s ]
INFO: TokenBuild Behavior ::run [ RunTime:0.000250s ]
INFO: WriteHtmlCache Behavior ::run [ RunTime:0.000181s ]
INFO: ShowRuntime Behavior ::run [ RunTime:0.000319s ]
INFO: [ view_filter ] --END-- [ RunTime:0.001185s ]
INFO: [ view_end ] --START--
INFO: ShowPageTrace Behavior ::run [ RunTime:0.000390s ]
INFO: [ view_end ] --END-- [ RunTime:0.000432s ]

[ 2017-09-01T10:07:50+08:00 ] 0.0.0.0 /webshixun/index.php/Userinfo/index/?_=1504231668969
INFO: [ app_begin ] --START--
INFO: ReadHtmlCache Behavior ::run [ RunTime:0.000326s ]
INFO: [ app_begin ] --END-- [ RunTime:0.000376s ]
SQL: SHOW COLUMNS FROM `userinfo` [ RunTime:0.086833s ]
SQL: SELECT COUNT(*) AS tp_count FROM `userinfo` LIMIT 1   [ RunTime:0.000640s ]
SQL: SELECT * FROM `userinfo` ORDER BY `nkey` desc LIMIT 0,20   [ RunTime:0.000516s ]
INFO: [ view_parse ] --START--
NOTIC: [8] Undefined index: _order F:\php\study\WWW\webshixun\Admin\Runtime\Cache\d79dbe12809f391d455b8b17726a3af1.php 第 3 行.
NOTIC: [8] Undefined index: _sort F:\php\study\WWW\webshixun\Admin\Runtime\Cache\d79dbe12809f391d455b8b17726a3af1.php 第 4 行.
NOTIC: [8] Undefined index: username F:\php\study\WWW\webshixun\Admin\Runtime\Cache\d79dbe12809f391d455b8b17726a3af1.php 第 5 行.
NOTIC: [8] Undefined index: username F:\php\study\WWW\webshixun\Admin\Runtime\Cache\d79dbe12809f391d455b8b17726a3af1.php 第 13 行.
INFO: ParseTemplate Behavior ::run [ RunTime:0.019598s ]
INFO: [ view_parse ] --END-- [ RunTime:0.019647s ]
INFO: [ view_filter ] --START--
INFO: ContentReplace Behavior ::run [ RunTime:0.000280s ]
INFO: TokenBuild Behavior ::run [ RunTime:0.000234s ]
INFO: WriteHtmlCache Behavior ::run [ RunTime:0.000174s ]
INFO: ShowRuntime Behavior ::run [ RunTime:0.000338s ]
INFO: [ view_filter ] --END-- [ RunTime:0.001147s ]
INFO: [ view_end ] --START--
INFO: ShowPageTrace Behavior ::run [ RunTime:0.000374s ]
INFO: [ view_end ] --END-- [ RunTime:0.000412s ]

[ 2017-09-01T10:07:52+08:00 ] 0.0.0.0 /webshixun/index.php/Order/index/?_=1504231671083
INFO: [ app_begin ] --START--
INFO: ReadHtmlCache Behavior ::run [ RunTime:0.000738s ]
INFO: [ app_begin ] --END-- [ RunTime:0.000828s ]
SQL: SHOW COLUMNS FROM `order` [ RunTime:0.029537s ]
SQL: SELECT COUNT(*) AS tp_count FROM `order` LIMIT 1   [ RunTime:0.000652s ]
SQL: SELECT * FROM `order` ORDER BY `nkey` desc LIMIT 0,20   [ RunTime:0.000584s ]
INFO: [ view_parse ] --START--
NOTIC: [8] Undefined index: _order F:\php\study\WWW\webshixun\Admin\Runtime\Cache\e4c4ef3b34f19af1320786caba9e39c3.php 第 3 行.
NOTIC: [8] Undefined index: _sort F:\php\study\WWW\webshixun\Admin\Runtime\Cache\e4c4ef3b34f19af1320786caba9e39c3.php 第 4 行.
NOTIC: [8] Undefined index: username F:\php\study\WWW\webshixun\Admin\Runtime\Cache\e4c4ef3b34f19af1320786caba9e39c3.php 第 5 行.
NOTIC: [8] Undefined index: username F:\php\study\WWW\webshixun\Admin\Runtime\Cache\e4c4ef3b34f19af1320786caba9e39c3.php 第 13 行.
SQL: SHOW COLUMNS FROM `userinfo` [ RunTime:0.006362s ]
SQL: SELECT `username` FROM `userinfo` WHERE ( nkey='1' ) LIMIT 1   [ RunTime:0.000610s ]
NOTIC: [2] Missing argument 2 for getTrainsById(), called in F:\php\study\WWW\webshixun\Admin\Runtime\Cache\e4c4ef3b34f19af1320786caba9e39c3.php on line 43 and defined F:\php\study\WWW\webshixun\Admin\Common\common.php 第 373 行.
SQL: SHOW COLUMNS FROM `trains` [ RunTime:0.029387s ]
SQL: SELECT `trains` FROM `trains` WHERE ( nkey='1' ) LIMIT 1   [ RunTime:0.000676s ]
INFO: ParseTemplate Behavior ::run [ RunTime:0.044901s ]
INFO: [ view_parse ] --END-- [ RunTime:0.044945s ]
INFO: [ view_filter ] --START--
INFO: ContentReplace Behavior ::run [ RunTime:0.000354s ]
INFO: TokenBuild Behavior ::run [ RunTime:0.000312s ]
INFO: WriteHtmlCache Behavior ::run [ RunTime:0.000205s ]
INFO: ShowRuntime Behavior ::run [ RunTime:0.000362s ]
INFO: [ view_filter ] --END-- [ RunTime:0.001339s ]
INFO: [ view_end ] --START--
INFO: ShowPageTrace Behavior ::run [ RunTime:0.000414s ]
INFO: [ view_end ] --END-- [ RunTime:0.000451s ]

[ 2017-09-01T10:07:53+08:00 ] 0.0.0.0 /webshixun/index.php/Trains/index/?_=1504231672695
INFO: [ app_begin ] --START--
INFO: ReadHtmlCache Behavior ::run [ RunTime:0.000874s ]
INFO: [ app_begin ] --END-- [ RunTime:0.000980s ]
SQL: SHOW COLUMNS FROM `trains` [ RunTime:0.006043s ]
SQL: SELECT COUNT(*) AS tp_count FROM `trains` WHERE ( `status` <> -1 ) LIMIT 1   [ RunTime:0.000417s ]
SQL: SELECT * FROM `trains` WHERE ( `status` <> -1 ) ORDER BY `nkey` desc LIMIT 0,20   [ RunTime:0.000453s ]
INFO: [ view_parse ] --START--
NOTIC: [8] Undefined index: _order F:\php\study\WWW\webshixun\Admin\Runtime\Cache\df822f1d4386688d13a0ee92c2c9bda3.php 第 3 行.
NOTIC: [8] Undefined index: trains F:\php\study\WWW\webshixun\Admin\Runtime\Cache\df822f1d4386688d13a0ee92c2c9bda3.php 第 4 行.
NOTIC: [8] Undefined index: _sort F:\php\study\WWW\webshixun\Admin\Runtime\Cache\df822f1d4386688d13a0ee92c2c9bda3.php 第 5 行.
NOTIC: [8] Undefined index: relKeyword F:\php\study\WWW\webshixun\Admin\Runtime\Cache\df822f1d4386688d13a0ee92c2c9bda3.php 第 6 行.
NOTIC: [8] Undefined index: trains F:\php\study\WWW\webshixun\Admin\Runtime\Cache\df822f1d4386688d13a0ee92c2c9bda3.php 第 14 行.
INFO: ParseTemplate Behavior ::run [ RunTime:0.006630s ]
INFO: [ view_parse ] --END-- [ RunTime:0.006676s ]
INFO: [ view_filter ] --START--
INFO: ContentReplace Behavior ::run [ RunTime:0.000278s ]
INFO: TokenBuild Behavior ::run [ RunTime:0.000253s ]
INFO: WriteHtmlCache Behavior ::run [ RunTime:0.000174s ]
INFO: ShowRuntime Behavior ::run [ RunTime:0.000310s ]
INFO: [ view_filter ] --END-- [ RunTime:0.001128s ]
INFO: [ view_end ] --START--
INFO: ShowPageTrace Behavior ::run [ RunTime:0.000399s ]
INFO: [ view_end ] --END-- [ RunTime:0.000434s ]

[ 2017-09-01T10:10:04+08:00 ] 0.0.0.0 /webshixun/index.php/Userinfo/index/?_=1504231803696
INFO: [ app_begin ] --START--
INFO: ReadHtmlCache Behavior ::run [ RunTime:0.000807s ]
INFO: [ app_begin ] --END-- [ RunTime:0.000925s ]
SQL: SHOW COLUMNS FROM `userinfo` [ RunTime:0.005854s ]
SQL: SELECT COUNT(*) AS tp_count FROM `userinfo` LIMIT 1   [ RunTime:0.000373s ]
SQL: SELECT * FROM `userinfo` ORDER BY `nkey` desc LIMIT 0,20   [ RunTime:0.001427s ]
INFO: [ view_parse ] --START--
NOTIC: [8] Undefined index: _order F:\php\study\WWW\webshixun\Admin\Runtime\Cache\d79dbe12809f391d455b8b17726a3af1.php 第 3 行.
NOTIC: [8] Undefined index: _sort F:\php\study\WWW\webshixun\Admin\Runtime\Cache\d79dbe12809f391d455b8b17726a3af1.php 第 4 行.
NOTIC: [8] Undefined index: username F:\php\study\WWW\webshixun\Admin\Runtime\Cache\d79dbe12809f391d455b8b17726a3af1.php 第 5 行.
NOTIC: [8] Undefined index: username F:\php\study\WWW\webshixun\Admin\Runtime\Cache\d79dbe12809f391d455b8b17726a3af1.php 第 13 行.
INFO: ParseTemplate Behavior ::run [ RunTime:0.007441s ]
INFO: [ view_parse ] --END-- [ RunTime:0.007501s ]
INFO: [ view_filter ] --START--
INFO: ContentReplace Behavior ::run [ RunTime:0.000394s ]
INFO: TokenBuild Behavior ::run [ RunTime:0.000299s ]
INFO: WriteHtmlCache Behavior ::run [ RunTime:0.000249s ]
INFO: ShowRuntime Behavior ::run [ RunTime:0.000399s ]
INFO: [ view_filter ] --END-- [ RunTime:0.001460s ]
INFO: [ view_end ] --START--
INFO: ShowPageTrace Behavior ::run [ RunTime:0.000410s ]
INFO: [ view_end ] --END-- [ RunTime:0.000447s ]

[ 2017-09-01T10:10:06+08:00 ] 0.0.0.0 /webshixun/index.php/Order/index/?_=1504231805679
INFO: [ app_begin ] --START--
INFO: ReadHtmlCache Behavior ::run [ RunTime:0.000876s ]
INFO: [ app_begin ] --END-- [ RunTime:0.001087s ]
SQL: SHOW COLUMNS FROM `order` [ RunTime:0.005832s ]
SQL: SELECT COUNT(*) AS tp_count FROM `order` LIMIT 1   [ RunTime:0.000514s ]
SQL: SELECT * FROM `order` ORDER BY `nkey` desc LIMIT 0,20   [ RunTime:0.000512s ]
INFO: [ view_parse ] --START--
NOTIC: [8] Undefined index: _order F:\php\study\WWW\webshixun\Admin\Runtime\Cache\e4c4ef3b34f19af1320786caba9e39c3.php 第 3 行.
NOTIC: [8] Undefined index: _sort F:\php\study\WWW\webshixun\Admin\Runtime\Cache\e4c4ef3b34f19af1320786caba9e39c3.php 第 4 行.
NOTIC: [8] Undefined index: username F:\php\study\WWW\webshixun\Admin\Runtime\Cache\e4c4ef3b34f19af1320786caba9e39c3.php 第 5 行.
NOTIC: [8] Undefined index: username F:\php\study\WWW\webshixun\Admin\Runtime\Cache\e4c4ef3b34f19af1320786caba9e39c3.php 第 13 行.
SQL: SHOW COLUMNS FROM `userinfo` [ RunTime:0.008862s ]
SQL: SELECT `username` FROM `userinfo` WHERE ( nkey='1' ) LIMIT 1   [ RunTime:0.000515s ]
NOTIC: [2] Missing argument 2 for getTrainsById(), called in F:\php\study\WWW\webshixun\Admin\Runtime\Cache\e4c4ef3b34f19af1320786caba9e39c3.php on line 43 and defined F:\php\study\WWW\webshixun\Admin\Common\common.php 第 373 行.
SQL: SHOW COLUMNS FROM `trains` [ RunTime:0.006821s ]
SQL: SELECT `trains` FROM `trains` WHERE ( nkey='5' ) LIMIT 1   [ RunTime:0.000588s ]
SQL: SELECT `username` FROM `userinfo` WHERE ( nkey='1' ) LIMIT 1   [ RunTime:0.000491s ]
NOTIC: [2] Missing argument 2 for getTrainsById(), called in F:\php\study\WWW\webshixun\Admin\Runtime\Cache\e4c4ef3b34f19af1320786caba9e39c3.php on line 43 and defined F:\php\study\WWW\webshixun\Admin\Common\common.php 第 373 行.
SQL: SELECT `trains` FROM `trains` WHERE ( nkey='1' ) LIMIT 1   [ RunTime:0.000423s ]
INFO: ParseTemplate Behavior ::run [ RunTime:0.026312s ]
INFO: [ view_parse ] --END-- [ RunTime:0.026353s ]
INFO: [ view_filter ] --START--
INFO: ContentReplace Behavior ::run [ RunTime:0.000339s ]
INFO: TokenBuild Behavior ::run [ RunTime:0.000239s ]
INFO: WriteHtmlCache Behavior ::run [ RunTime:0.000176s ]
INFO: ShowRuntime Behavior ::run [ RunTime:0.000347s ]
INFO: [ view_filter ] --END-- [ RunTime:0.001210s ]
INFO: [ view_end ] --START--
INFO: ShowPageTrace Behavior ::run [ RunTime:0.000371s ]
INFO: [ view_end ] --END-- [ RunTime:0.000416s ]

[ 2017-09-01T10:26:04+08:00 ] 0.0.0.0 /webshixun/index.php/Index/index.html
INFO: [ view_parse ] --START--
INFO: ParseTemplate Behavior ::run [ RunTime:0.008465s ]
INFO: [ view_parse ] --END-- [ RunTime:0.008533s ]
INFO: [ view_filter ] --START--
INFO: ContentReplace Behavior ::run [ RunTime:0.000305s ]
INFO: TokenBuild Behavior ::run [ RunTime:0.000236s ]
INFO: WriteHtmlCache Behavior ::run [ RunTime:0.000174s ]
INFO: ShowRuntime Behavior ::run [ RunTime:0.000273s ]
INFO: [ view_filter ] --END-- [ RunTime:0.001126s ]
INFO: [ view_end ] --START--
INFO: ShowPageTrace Behavior ::run [ RunTime:0.000354s ]
INFO: [ view_end ] --END-- [ RunTime:0.000393s ]

[ 2017-09-01T10:27:40+08:00 ] 0.0.0.0 /webshixun/index.php/Order/index/?_=1504232859684
INFO: [ app_begin ] --START--
INFO: ReadHtmlCache Behavior ::run [ RunTime:0.000751s ]
INFO: [ app_begin ] --END-- [ RunTime:0.000905s ]
SQL: SHOW COLUMNS FROM `order` [ RunTime:0.005445s ]
SQL: SELECT COUNT(*) AS tp_count FROM `order` LIMIT 1   [ RunTime:0.000530s ]
NOTIC: [8] Undefined variable: listRows F:\php\study\WWW\webshixun\Admin\Lib\Action\CommonAction.class.php 第 176 行.
INFO: [ view_parse ] --START--
NOTIC: [8] Undefined index: _order F:\php\study\WWW\webshixun\Admin\Runtime\Cache\e4c4ef3b34f19af1320786caba9e39c3.php 第 3 行.
NOTIC: [8] Undefined index: _sort F:\php\study\WWW\webshixun\Admin\Runtime\Cache\e4c4ef3b34f19af1320786caba9e39c3.php 第 4 行.
NOTIC: [8] Undefined index: username F:\php\study\WWW\webshixun\Admin\Runtime\Cache\e4c4ef3b34f19af1320786caba9e39c3.php 第 5 行.
NOTIC: [8] Undefined index: username F:\php\study\WWW\webshixun\Admin\Runtime\Cache\e4c4ef3b34f19af1320786caba9e39c3.php 第 13 行.
NOTIC: [8] Undefined variable: list F:\php\study\WWW\webshixun\Admin\Runtime\Cache\e4c4ef3b34f19af1320786caba9e39c3.php 第 40 行.
INFO: ParseTemplate Behavior ::run [ RunTime:0.007115s ]
INFO: [ view_parse ] --END-- [ RunTime:0.007164s ]
INFO: [ view_filter ] --START--
INFO: ContentReplace Behavior ::run [ RunTime:0.000399s ]
INFO: TokenBuild Behavior ::run [ RunTime:0.000335s ]
INFO: WriteHtmlCache Behavior ::run [ RunTime:0.000288s ]
INFO: ShowRuntime Behavior ::run [ RunTime:0.000596s ]
INFO: [ view_filter ] --END-- [ RunTime:0.001772s ]
INFO: [ view_end ] --START--
INFO: ShowPageTrace Behavior ::run [ RunTime:0.000699s ]
INFO: [ view_end ] --END-- [ RunTime:0.000757s ]

[ 2017-09-01T10:30:04+08:00 ] 0.0.0.0 /webshixun/index.php
INFO: [ view_parse ] --START--
INFO: ParseTemplate Behavior ::run [ RunTime:0.009237s ]
INFO: [ view_parse ] --END-- [ RunTime:0.009312s ]
INFO: [ view_filter ] --START--
INFO: ContentReplace Behavior ::run [ RunTime:0.000457s ]
INFO: TokenBuild Behavior ::run [ RunTime:0.000300s ]
INFO: WriteHtmlCache Behavior ::run [ RunTime:0.000233s ]
INFO: ShowRuntime Behavior ::run [ RunTime:0.000371s ]
INFO: [ view_filter ] --END-- [ RunTime:0.001476s ]
INFO: [ view_end ] --START--
INFO: ShowPageTrace Behavior ::run [ RunTime:0.000442s ]
INFO: [ view_end ] --END-- [ RunTime:0.000485s ]

[ 2017-09-01T15:58:24+08:00 ] 0.0.0.0 /webshixun/index.php/Index/index.html
INFO: [ view_parse ] --START--
INFO: ParseTemplate Behavior ::run [ RunTime:0.010704s ]
INFO: [ view_parse ] --END-- [ RunTime:0.010801s ]
INFO: [ view_filter ] --START--
INFO: ContentReplace Behavior ::run [ RunTime:0.000457s ]
INFO: TokenBuild Behavior ::run [ RunTime:0.000242s ]
INFO: WriteHtmlCache Behavior ::run [ RunTime:0.000171s ]
INFO: ShowRuntime Behavior ::run [ RunTime:0.000355s ]
INFO: [ view_filter ] --END-- [ RunTime:0.001406s ]
INFO: [ view_end ] --START--
INFO: ShowPageTrace Behavior ::run [ RunTime:0.000549s ]
INFO: [ view_end ] --END-- [ RunTime:0.000621s ]

[ 2017-09-01T15:59:12+08:00 ] 0.0.0.0 /webshixun/index.php/Trains/index/?_=1504252751250
INFO: [ app_begin ] --START--
INFO: ReadHtmlCache Behavior ::run [ RunTime:0.000682s ]
INFO: [ app_begin ] --END-- [ RunTime:0.000778s ]
SQL: SHOW COLUMNS FROM `trains` [ RunTime:0.005810s ]
SQL: SELECT COUNT(*) AS tp_count FROM `trains` WHERE ( `status` <> -1 ) LIMIT 1   [ RunTime:0.000466s ]
SQL: SELECT * FROM `trains` WHERE ( `status` <> -1 ) ORDER BY `nkey` desc LIMIT 0,20   [ RunTime:0.000707s ]
INFO: [ view_parse ] --START--
NOTIC: [8] Undefined index: _order F:\php\study\WWW\webshixun\Admin\Runtime\Cache\df822f1d4386688d13a0ee92c2c9bda3.php 第 3 行.
NOTIC: [8] Undefined index: trains F:\php\study\WWW\webshixun\Admin\Runtime\Cache\df822f1d4386688d13a0ee92c2c9bda3.php 第 4 行.
NOTIC: [8] Undefined index: _sort F:\php\study\WWW\webshixun\Admin\Runtime\Cache\df822f1d4386688d13a0ee92c2c9bda3.php 第 5 行.
NOTIC: [8] Undefined index: relKeyword F:\php\study\WWW\webshixun\Admin\Runtime\Cache\df822f1d4386688d13a0ee92c2c9bda3.php 第 6 行.
NOTIC: [8] Undefined index: trains F:\php\study\WWW\webshixun\Admin\Runtime\Cache\df822f1d4386688d13a0ee92c2c9bda3.php 第 14 行.
INFO: ParseTemplate Behavior ::run [ RunTime:0.007405s ]
INFO: [ view_parse ] --END-- [ RunTime:0.007452s ]
INFO: [ view_filter ] --START--
INFO: ContentReplace Behavior ::run [ RunTime:0.000405s ]
INFO: TokenBuild Behavior ::run [ RunTime:0.000242s ]
INFO: WriteHtmlCache Behavior ::run [ RunTime:0.000173s ]
INFO: ShowRuntime Behavior ::run [ RunTime:0.000334s ]
INFO: [ view_filter ] --END-- [ RunTime:0.001295s ]
INFO: [ view_end ] --START--
INFO: ShowPageTrace Behavior ::run [ RunTime:0.000398s ]
INFO: [ view_end ] --END-- [ RunTime:0.000435s ]

[ 2017-09-01T15:59:48+08:00 ] 0.0.0.0 /webshixun/index.php/Userinfo/index/?_=1504252787605
INFO: [ app_begin ] --START--
INFO: ReadHtmlCache Behavior ::run [ RunTime:0.000776s ]
INFO: [ app_begin ] --END-- [ RunTime:0.000909s ]
SQL: SHOW COLUMNS FROM `userinfo` [ RunTime:0.006880s ]
SQL: SELECT COUNT(*) AS tp_count FROM `userinfo` LIMIT 1   [ RunTime:0.000553s ]
SQL: SELECT * FROM `userinfo` ORDER BY `nkey` desc LIMIT 0,20   [ RunTime:0.000599s ]
INFO: [ view_parse ] --START--
NOTIC: [8] Undefined index: _order F:\php\study\WWW\webshixun\Admin\Runtime\Cache\d79dbe12809f391d455b8b17726a3af1.php 第 3 行.
NOTIC: [8] Undefined index: _sort F:\php\study\WWW\webshixun\Admin\Runtime\Cache\d79dbe12809f391d455b8b17726a3af1.php 第 4 行.
NOTIC: [8] Undefined index: username F:\php\study\WWW\webshixun\Admin\Runtime\Cache\d79dbe12809f391d455b8b17726a3af1.php 第 5 行.
NOTIC: [8] Undefined index: username F:\php\study\WWW\webshixun\Admin\Runtime\Cache\d79dbe12809f391d455b8b17726a3af1.php 第 13 行.
INFO: ParseTemplate Behavior ::run [ RunTime:0.008712s ]
INFO: [ view_parse ] --END-- [ RunTime:0.008784s ]
INFO: [ view_filter ] --START--
INFO: ContentReplace Behavior ::run [ RunTime:0.000508s ]
INFO: TokenBuild Behavior ::run [ RunTime:0.000329s ]
INFO: WriteHtmlCache Behavior ::run [ RunTime:0.000190s ]
INFO: ShowRuntime Behavior ::run [ RunTime:0.000328s ]
INFO: [ view_filter ] --END-- [ RunTime:0.001497s ]
INFO: [ view_end ] --START--
INFO: ShowPageTrace Behavior ::run [ RunTime:0.000524s ]
INFO: [ view_end ] --END-- [ RunTime:0.000574s ]

[ 2017-09-01T16:00:24+08:00 ] 0.0.0.0 /webshixun/index.php/Order/index/?_=1504252823831
INFO: [ app_begin ] --START--
INFO: ReadHtmlCache Behavior ::run [ RunTime:0.000387s ]
INFO: [ app_begin ] --END-- [ RunTime:0.000442s ]
SQL: SHOW COLUMNS FROM `order` [ RunTime:0.005571s ]
SQL: SELECT COUNT(*) AS tp_count FROM `order` LIMIT 1   [ RunTime:0.000311s ]
SQL: SELECT * FROM `order` ORDER BY `nkey` desc LIMIT 0,20   [ RunTime:0.000319s ]
INFO: [ view_parse ] --START--
NOTIC: [8] Undefined index: _order F:\php\study\WWW\webshixun\Admin\Runtime\Cache\e4c4ef3b34f19af1320786caba9e39c3.php 第 3 行.
NOTIC: [8] Undefined index: _sort F:\php\study\WWW\webshixun\Admin\Runtime\Cache\e4c4ef3b34f19af1320786caba9e39c3.php 第 4 行.
NOTIC: [8] Undefined index: username F:\php\study\WWW\webshixun\Admin\Runtime\Cache\e4c4ef3b34f19af1320786caba9e39c3.php 第 5 行.
NOTIC: [8] Undefined index: username F:\php\study\WWW\webshixun\Admin\Runtime\Cache\e4c4ef3b34f19af1320786caba9e39c3.php 第 13 行.
SQL: SHOW COLUMNS FROM `userinfo` [ RunTime:0.005676s ]
SQL: SELECT `username` FROM `userinfo` WHERE ( nkey='1' ) LIMIT 1   [ RunTime:0.000376s ]
NOTIC: [2] Missing argument 2 for getTrainsById(), called in F:\php\study\WWW\webshixun\Admin\Runtime\Cache\e4c4ef3b34f19af1320786caba9e39c3.php on line 43 and defined F:\php\study\WWW\webshixun\Admin\Common\common.php 第 373 行.
SQL: SHOW COLUMNS FROM `trains` [ RunTime:0.006499s ]
SQL: SELECT `trains` FROM `trains` WHERE ( nkey='1' ) LIMIT 1   [ RunTime:0.000546s ]
INFO: ParseTemplate Behavior ::run [ RunTime:0.021899s ]
INFO: [ view_parse ] --END-- [ RunTime:0.021944s ]
INFO: [ view_filter ] --START--
INFO: ContentReplace Behavior ::run [ RunTime:0.000457s ]
INFO: TokenBuild Behavior ::run [ RunTime:0.000355s ]
INFO: WriteHtmlCache Behavior ::run [ RunTime:0.000255s ]
INFO: ShowRuntime Behavior ::run [ RunTime:0.000418s ]
INFO: [ view_filter ] --END-- [ RunTime:0.001592s ]
INFO: [ view_end ] --START--
INFO: ShowPageTrace Behavior ::run [ RunTime:0.000481s ]
INFO: [ view_end ] --END-- [ RunTime:0.000519s ]

[ 2017-09-01T16:03:03+08:00 ] 0.0.0.0 /webshixun/index.php/Trains/index/?_=1504252982707
INFO: [ app_begin ] --START--
INFO: ReadHtmlCache Behavior ::run [ RunTime:0.000813s ]
INFO: [ app_begin ] --END-- [ RunTime:0.000927s ]
SQL: SHOW COLUMNS FROM `trains` [ RunTime:0.006094s ]
SQL: SELECT COUNT(*) AS tp_count FROM `trains` WHERE ( `status` <> -1 ) LIMIT 1   [ RunTime:0.000396s ]
SQL: SELECT * FROM `trains` WHERE ( `status` <> -1 ) ORDER BY `nkey` desc LIMIT 0,20   [ RunTime:0.000449s ]
INFO: [ view_parse ] --START--
NOTIC: [8] Undefined index: _order F:\php\study\WWW\webshixun\Admin\Runtime\Cache\df822f1d4386688d13a0ee92c2c9bda3.php 第 3 行.
NOTIC: [8] Undefined index: trains F:\php\study\WWW\webshixun\Admin\Runtime\Cache\df822f1d4386688d13a0ee92c2c9bda3.php 第 4 行.
NOTIC: [8] Undefined index: _sort F:\php\study\WWW\webshixun\Admin\Runtime\Cache\df822f1d4386688d13a0ee92c2c9bda3.php 第 5 行.
NOTIC: [8] Undefined index: relKeyword F:\php\study\WWW\webshixun\Admin\Runtime\Cache\df822f1d4386688d13a0ee92c2c9bda3.php 第 6 行.
NOTIC: [8] Undefined index: trains F:\php\study\WWW\webshixun\Admin\Runtime\Cache\df822f1d4386688d13a0ee92c2c9bda3.php 第 14 行.
INFO: ParseTemplate Behavior ::run [ RunTime:0.007815s ]
INFO: [ view_parse ] --END-- [ RunTime:0.007878s ]
INFO: [ view_filter ] --START--
INFO: ContentReplace Behavior ::run [ RunTime:0.000738s ]
INFO: TokenBuild Behavior ::run [ RunTime:0.000627s ]
INFO: WriteHtmlCache Behavior ::run [ RunTime:0.000569s ]
INFO: ShowRuntime Behavior ::run [ RunTime:0.000613s ]
INFO: [ view_filter ] --END-- [ RunTime:0.002812s ]
INFO: [ view_end ] --START--
INFO: ShowPageTrace Behavior ::run [ RunTime:0.000793s ]
INFO: [ view_end ] --END-- [ RunTime:0.000860s ]

[ 2017-09-01T16:03:04+08:00 ] 0.0.0.0 /webshixun/index.php/Trains/add?_=1504252984658
INFO: [ app_begin ] --START--
INFO: ReadHtmlCache Behavior ::run [ RunTime:0.000337s ]
INFO: [ app_begin ] --END-- [ RunTime:0.000386s ]
INFO: [ view_parse ] --START--
NOTIC: [8] Undefined index: authId F:\php\study\WWW\webshixun\Admin\Runtime\Cache\896429659f2aaf3d7475ac1b5915cffc.php 第 3 行.
INFO: ParseTemplate Behavior ::run [ RunTime:0.011036s ]
INFO: [ view_parse ] --END-- [ RunTime:0.011164s ]
INFO: [ view_filter ] --START--
INFO: ContentReplace Behavior ::run [ RunTime:0.001172s ]
INFO: TokenBuild Behavior ::run [ RunTime:0.000263s ]
INFO: WriteHtmlCache Behavior ::run [ RunTime:0.000172s ]
INFO: ShowRuntime Behavior ::run [ RunTime:0.000307s ]
INFO: [ view_filter ] --END-- [ RunTime:0.002056s ]
INFO: [ view_end ] --START--
INFO: ShowPageTrace Behavior ::run [ RunTime:0.000414s ]
INFO: [ view_end ] --END-- [ RunTime:0.000457s ]

[ 2017-09-01T16:03:29+08:00 ] 0.0.0.0 /webshixun/index.php/Userinfo/index/?_=1504253008215
INFO: [ app_begin ] --START--
INFO: ReadHtmlCache Behavior ::run [ RunTime:0.000645s ]
INFO: [ app_begin ] --END-- [ RunTime:0.000740s ]
SQL: SHOW COLUMNS FROM `userinfo` [ RunTime:0.005625s ]
SQL: SELECT COUNT(*) AS tp_count FROM `userinfo` LIMIT 1   [ RunTime:0.000422s ]
SQL: SELECT * FROM `userinfo` ORDER BY `nkey` desc LIMIT 0,20   [ RunTime:0.000619s ]
INFO: [ view_parse ] --START--
NOTIC: [8] Undefined index: _order F:\php\study\WWW\webshixun\Admin\Runtime\Cache\d79dbe12809f391d455b8b17726a3af1.php 第 3 行.
NOTIC: [8] Undefined index: _sort F:\php\study\WWW\webshixun\Admin\Runtime\Cache\d79dbe12809f391d455b8b17726a3af1.php 第 4 行.
NOTIC: [8] Undefined index: username F:\php\study\WWW\webshixun\Admin\Runtime\Cache\d79dbe12809f391d455b8b17726a3af1.php 第 5 行.
NOTIC: [8] Undefined index: username F:\php\study\WWW\webshixun\Admin\Runtime\Cache\d79dbe12809f391d455b8b17726a3af1.php 第 13 行.
INFO: ParseTemplate Behavior ::run [ RunTime:0.008314s ]
INFO: [ view_parse ] --END-- [ RunTime:0.008447s ]
INFO: [ view_filter ] --START--
INFO: ContentReplace Behavior ::run [ RunTime:0.000934s ]
INFO: TokenBuild Behavior ::run [ RunTime:0.000869s ]
INFO: WriteHtmlCache Behavior ::run [ RunTime:0.000274s ]
INFO: ShowRuntime Behavior ::run [ RunTime:0.000395s ]
INFO: [ view_filter ] --END-- [ RunTime:0.002649s ]
INFO: [ view_end ] --START--
INFO: ShowPageTrace Behavior ::run [ RunTime:0.000431s ]
INFO: [ view_end ] --END-- [ RunTime:0.000469s ]

[ 2017-09-01T16:03:31+08:00 ] 0.0.0.0 /webshixun/index.php/Trains/index/?_=1504253010755
INFO: [ app_begin ] --START--
INFO: ReadHtmlCache Behavior ::run [ RunTime:0.000658s ]
INFO: [ app_begin ] --END-- [ RunTime:0.000748s ]
SQL: SHOW COLUMNS FROM `trains` [ RunTime:0.005806s ]
SQL: SELECT COUNT(*) AS tp_count FROM `trains` WHERE ( `status` <> -1 ) LIMIT 1   [ RunTime:0.000681s ]
SQL: SELECT * FROM `trains` WHERE ( `status` <> -1 ) ORDER BY `nkey` desc LIMIT 0,20   [ RunTime:0.000738s ]
INFO: [ view_parse ] --START--
NOTIC: [8] Undefined index: _order F:\php\study\WWW\webshixun\Admin\Runtime\Cache\df822f1d4386688d13a0ee92c2c9bda3.php 第 3 行.
NOTIC: [8] Undefined index: trains F:\php\study\WWW\webshixun\Admin\Runtime\Cache\df822f1d4386688d13a0ee92c2c9bda3.php 第 4 行.
NOTIC: [8] Undefined index: _sort F:\php\study\WWW\webshixun\Admin\Runtime\Cache\df822f1d4386688d13a0ee92c2c9bda3.php 第 5 行.
NOTIC: [8] Undefined index: relKeyword F:\php\study\WWW\webshixun\Admin\Runtime\Cache\df822f1d4386688d13a0ee92c2c9bda3.php 第 6 行.
NOTIC: [8] Undefined index: trains F:\php\study\WWW\webshixun\Admin\Runtime\Cache\df822f1d4386688d13a0ee92c2c9bda3.php 第 14 行.
INFO: ParseTemplate Behavior ::run [ RunTime:0.008601s ]
INFO: [ view_parse ] --END-- [ RunTime:0.008683s ]
INFO: [ view_filter ] --START--
INFO: ContentReplace Behavior ::run [ RunTime:0.000747s ]
INFO: TokenBuild Behavior ::run [ RunTime:0.000679s ]
INFO: WriteHtmlCache Behavior ::run [ RunTime:0.000538s ]
INFO: ShowRuntime Behavior ::run [ RunTime:0.001048s ]
INFO: [ view_filter ] --END-- [ RunTime:0.003237s ]
INFO: [ view_end ] --START--
INFO: ShowPageTrace Behavior ::run [ RunTime:0.000540s ]
INFO: [ view_end ] --END-- [ RunTime:0.000583s ]

[ 2017-09-01T16:03:36+08:00 ] 0.0.0.0 /webshixun/index.php/Order/index/?_=1504253015319
INFO: [ app_begin ] --START--
INFO: ReadHtmlCache Behavior ::run [ RunTime:0.000682s ]
INFO: [ app_begin ] --END-- [ RunTime:0.000792s ]
SQL: SHOW COLUMNS FROM `order` [ RunTime:0.005716s ]
SQL: SELECT COUNT(*) AS tp_count FROM `order` LIMIT 1   [ RunTime:0.000380s ]
SQL: SELECT * FROM `order` ORDER BY `nkey` desc LIMIT 0,20   [ RunTime:0.000633s ]
INFO: [ view_parse ] --START--
NOTIC: [8] Undefined index: _order F:\php\study\WWW\webshixun\Admin\Runtime\Cache\e4c4ef3b34f19af1320786caba9e39c3.php 第 3 行.
NOTIC: [8] Undefined index: _sort F:\php\study\WWW\webshixun\Admin\Runtime\Cache\e4c4ef3b34f19af1320786caba9e39c3.php 第 4 行.
NOTIC: [8] Undefined index: username F:\php\study\WWW\webshixun\Admin\Runtime\Cache\e4c4ef3b34f19af1320786caba9e39c3.php 第 5 行.
NOTIC: [8] Undefined index: username F:\php\study\WWW\webshixun\Admin\Runtime\Cache\e4c4ef3b34f19af1320786caba9e39c3.php 第 13 行.
SQL: SHOW COLUMNS FROM `userinfo` [ RunTime:0.006133s ]
SQL: SELECT `username` FROM `userinfo` WHERE ( nkey='1' ) LIMIT 1   [ RunTime:0.000402s ]
NOTIC: [2] Missing argument 2 for getTrainsById(), called in F:\php\study\WWW\webshixun\Admin\Runtime\Cache\e4c4ef3b34f19af1320786caba9e39c3.php on line 43 and defined F:\php\study\WWW\webshixun\Admin\Common\common.php 第 373 行.
SQL: SHOW COLUMNS FROM `trains` [ RunTime:0.007863s ]
SQL: SELECT `trains` FROM `trains` WHERE ( nkey='1' ) LIMIT 1   [ RunTime:0.000377s ]
INFO: ParseTemplate Behavior ::run [ RunTime:0.028018s ]
INFO: [ view_parse ] --END-- [ RunTime:0.028074s ]
INFO: [ view_filter ] --START--
INFO: ContentReplace Behavior ::run [ RunTime:0.000461s ]
INFO: TokenBuild Behavior ::run [ RunTime:0.000242s ]
INFO: WriteHtmlCache Behavior ::run [ RunTime:0.000175s ]
INFO: ShowRuntime Behavior ::run [ RunTime:0.000360s ]
INFO: [ view_filter ] --END-- [ RunTime:0.001336s ]
INFO: [ view_end ] --START--
INFO: ShowPageTrace Behavior ::run [ RunTime:0.000407s ]
INFO: [ view_end ] --END-- [ RunTime:0.000476s ]

[ 2017-09-01T16:05:30+08:00 ] 0.0.0.0 /webshixun/index.php/Trains/index/?_=1504253129747
INFO: [ app_begin ] --START--
INFO: ReadHtmlCache Behavior ::run [ RunTime:0.000744s ]
INFO: [ app_begin ] --END-- [ RunTime:0.000883s ]
SQL: SHOW COLUMNS FROM `trains` [ RunTime:0.006319s ]
SQL: SELECT COUNT(*) AS tp_count FROM `trains` WHERE ( `status` <> -1 ) LIMIT 1   [ RunTime:0.000640s ]
SQL: SELECT * FROM `trains` WHERE ( `status` <> -1 ) ORDER BY `nkey` desc LIMIT 0,20   [ RunTime:0.000733s ]
INFO: [ view_parse ] --START--
NOTIC: [8] Undefined index: _order F:\php\study\WWW\webshixun\Admin\Runtime\Cache\df822f1d4386688d13a0ee92c2c9bda3.php 第 3 行.
NOTIC: [8] Undefined index: trains F:\php\study\WWW\webshixun\Admin\Runtime\Cache\df822f1d4386688d13a0ee92c2c9bda3.php 第 4 行.
NOTIC: [8] Undefined index: _sort F:\php\study\WWW\webshixun\Admin\Runtime\Cache\df822f1d4386688d13a0ee92c2c9bda3.php 第 5 行.
NOTIC: [8] Undefined index: relKeyword F:\php\study\WWW\webshixun\Admin\Runtime\Cache\df822f1d4386688d13a0ee92c2c9bda3.php 第 6 行.
NOTIC: [8] Undefined index: trains F:\php\study\WWW\webshixun\Admin\Runtime\Cache\df822f1d4386688d13a0ee92c2c9bda3.php 第 14 行.
INFO: ParseTemplate Behavior ::run [ RunTime:0.007358s ]
INFO: [ view_parse ] --END-- [ RunTime:0.007409s ]
INFO: [ view_filter ] --START--
INFO: ContentReplace Behavior ::run [ RunTime:0.000377s ]
INFO: TokenBuild Behavior ::run [ RunTime:0.000311s ]
INFO: WriteHtmlCache Behavior ::run [ RunTime:0.000194s ]
INFO: ShowRuntime Behavior ::run [ RunTime:0.000356s ]
INFO: [ view_filter ] --END-- [ RunTime:0.001357s ]
INFO: [ view_end ] --START--
INFO: ShowPageTrace Behavior ::run [ RunTime:0.000478s ]
INFO: [ view_end ] --END-- [ RunTime:0.000518s ]

[ 2017-09-01T16:05:35+08:00 ] 0.0.0.0 /webshixun/index.php/Trains/edit/nkey/5?_=1504253134014
INFO: [ app_begin ] --START--
INFO: ReadHtmlCache Behavior ::run [ RunTime:0.000667s ]
INFO: [ app_begin ] --END-- [ RunTime:0.000749s ]
SQL: SHOW COLUMNS FROM `trains` [ RunTime:0.006079s ]
SQL: SELECT * FROM `trains` WHERE ( nkey=5 ) LIMIT 1   [ RunTime:0.000567s ]
INFO: [ view_parse ] --START--
NOTIC: [8] Undefined index: authId F:\php\study\WWW\webshixun\Admin\Runtime\Cache\279e1b5f164423daf2fd9c42b07c3fc1.php 第 4 行.
NOTIC: [8] Undefined index: show F:\php\study\WWW\webshixun\Admin\Runtime\Cache\279e1b5f164423daf2fd9c42b07c3fc1.php 第 36 行.
NOTIC: [8] Undefined index: show F:\php\study\WWW\webshixun\Admin\Runtime\Cache\279e1b5f164423daf2fd9c42b07c3fc1.php 第 37 行.
INFO: ParseTemplate Behavior ::run [ RunTime:0.009813s ]
INFO: [ view_parse ] --END-- [ RunTime:0.009865s ]
INFO: [ view_filter ] --START--
INFO: ContentReplace Behavior ::run [ RunTime:0.000359s ]
INFO: TokenBuild Behavior ::run [ RunTime:0.000265s ]
INFO: WriteHtmlCache Behavior ::run [ RunTime:0.000174s ]
INFO: ShowRuntime Behavior ::run [ RunTime:0.000308s ]
INFO: [ view_filter ] --END-- [ RunTime:0.001204s ]
INFO: [ view_end ] --START--
INFO: ShowPageTrace Behavior ::run [ RunTime:0.000421s ]
INFO: [ view_end ] --END-- [ RunTime:0.000456s ]

