[ 2017-09-07T08:42:51+08:00 ] 0.0.0.0 /webshixun/index.php/Index/index.html
INFO: [ view_parse ] --START--
INFO: ParseTemplate Behavior ::run [ RunTime:0.020960s ]
INFO: [ view_parse ] --END-- [ RunTime:0.021021s ]
INFO: [ view_filter ] --START--
INFO: ContentReplace Behavior ::run [ RunTime:0.000303s ]
INFO: TokenBuild Behavior ::run [ RunTime:0.000233s ]
INFO: WriteHtmlCache Behavior ::run [ RunTime:0.000171s ]
INFO: ShowRuntime Behavior ::run [ RunTime:0.000270s ]
INFO: [ view_filter ] --END-- [ RunTime:0.001098s ]
INFO: [ view_end ] --START--
INFO: ShowPageTrace Behavior ::run [ RunTime:0.000377s ]
INFO: [ view_end ] --END-- [ RunTime:0.000416s ]

[ 2017-09-07T08:42:53+08:00 ] 0.0.0.0 /webshixun/index.php/Userinfo/index/?_=1504744972752
INFO: [ app_begin ] --START--
INFO: ReadHtmlCache Behavior ::run [ RunTime:0.000469s ]
INFO: [ app_begin ] --END-- [ RunTime:0.000534s ]
SQL: SHOW COLUMNS FROM `userinfo` [ RunTime:0.030898s ]
SQL: SELECT COUNT(*) AS tp_count FROM `userinfo` LIMIT 1   [ RunTime:0.000648s ]
SQL: SELECT * FROM `userinfo` ORDER BY `nkey` desc LIMIT 0,20   [ RunTime:0.000697s ]
INFO: [ view_parse ] --START--
NOTIC: [8] Undefined index: _order F:\php\study\WWW\webshixun\Admin\Runtime\Cache\d79dbe12809f391d455b8b17726a3af1.php 第 3 行.
NOTIC: [8] Undefined index: _sort F:\php\study\WWW\webshixun\Admin\Runtime\Cache\d79dbe12809f391d455b8b17726a3af1.php 第 4 行.
NOTIC: [8] Undefined index: username F:\php\study\WWW\webshixun\Admin\Runtime\Cache\d79dbe12809f391d455b8b17726a3af1.php 第 5 行.
NOTIC: [8] Undefined index: username F:\php\study\WWW\webshixun\Admin\Runtime\Cache\d79dbe12809f391d455b8b17726a3af1.php 第 13 行.
INFO: ParseTemplate Behavior ::run [ RunTime:0.023507s ]
INFO: [ view_parse ] --END-- [ RunTime:0.023561s ]
INFO: [ view_filter ] --START--
INFO: ContentReplace Behavior ::run [ RunTime:0.000259s ]
INFO: TokenBuild Behavior ::run [ RunTime:0.000233s ]
INFO: WriteHtmlCache Behavior ::run [ RunTime:0.000176s ]
INFO: ShowRuntime Behavior ::run [ RunTime:0.000361s ]
INFO: [ view_filter ] --END-- [ RunTime:0.001138s ]
INFO: [ view_end ] --START--
INFO: ShowPageTrace Behavior ::run [ RunTime:0.000353s ]
INFO: [ view_end ] --END-- [ RunTime:0.000389s ]

[ 2017-09-07T08:42:56+08:00 ] 0.0.0.0 /webshixun/index.php/Order/index/?_=1504744975215
INFO: [ app_begin ] --START--
INFO: ReadHtmlCache Behavior ::run [ RunTime:0.000694s ]
INFO: [ app_begin ] --END-- [ RunTime:0.000807s ]
SQL: SHOW COLUMNS FROM `order` [ RunTime:0.037160s ]
SQL: SELECT COUNT(*) AS tp_count FROM `order` LIMIT 1   [ RunTime:0.000439s ]
SQL: SELECT * FROM `order` ORDER BY `nkey` desc LIMIT 0,20   [ RunTime:0.000505s ]
INFO: [ view_parse ] --START--
NOTIC: [8] Undefined index: _order F:\php\study\WWW\webshixun\Admin\Runtime\Cache\e4c4ef3b34f19af1320786caba9e39c3.php 第 3 行.
NOTIC: [8] Undefined index: _sort F:\php\study\WWW\webshixun\Admin\Runtime\Cache\e4c4ef3b34f19af1320786caba9e39c3.php 第 4 行.
NOTIC: [8] Undefined index: username F:\php\study\WWW\webshixun\Admin\Runtime\Cache\e4c4ef3b34f19af1320786caba9e39c3.php 第 5 行.
NOTIC: [8] Undefined index: username F:\php\study\WWW\webshixun\Admin\Runtime\Cache\e4c4ef3b34f19af1320786caba9e39c3.php 第 13 行.
SQL: SHOW COLUMNS FROM `userinfo` [ RunTime:0.004086s ]
SQL: SELECT `username` FROM `userinfo` WHERE ( nkey='1' ) LIMIT 1   [ RunTime:0.000616s ]
NOTIC: [2] Missing argument 2 for getTrainsById(), called in F:\php\study\WWW\webshixun\Admin\Runtime\Cache\e4c4ef3b34f19af1320786caba9e39c3.php on line 43 and defined F:\php\study\WWW\webshixun\Admin\Common\common.php 第 373 行.
SQL: SHOW COLUMNS FROM `trains` [ RunTime:0.005014s ]
SQL: SELECT `trains` FROM `trains` WHERE ( nkey='2' ) LIMIT 1   [ RunTime:0.000493s ]
SQL: SELECT `username` FROM `userinfo` WHERE ( nkey='1' ) LIMIT 1   [ RunTime:0.000378s ]
NOTIC: [2] Missing argument 2 for getTrainsById(), called in F:\php\study\WWW\webshixun\Admin\Runtime\Cache\e4c4ef3b34f19af1320786caba9e39c3.php on line 43 and defined F:\php\study\WWW\webshixun\Admin\Common\common.php 第 373 行.
SQL: SELECT `trains` FROM `trains` WHERE ( nkey='1' ) LIMIT 1   [ RunTime:0.000377s ]
INFO: ParseTemplate Behavior ::run [ RunTime:0.037264s ]
INFO: [ view_parse ] --END-- [ RunTime:0.037304s ]
INFO: [ view_filter ] --START--
INFO: ContentReplace Behavior ::run [ RunTime:0.000325s ]
INFO: TokenBuild Behavior ::run [ RunTime:0.000258s ]
INFO: WriteHtmlCache Behavior ::run [ RunTime:0.000180s ]
INFO: ShowRuntime Behavior ::run [ RunTime:0.000309s ]
INFO: [ view_filter ] --END-- [ RunTime:0.001240s ]
INFO: [ view_end ] --START--
INFO: ShowPageTrace Behavior ::run [ RunTime:0.000381s ]
INFO: [ view_end ] --END-- [ RunTime:0.000417s ]

[ 2017-09-07T08:43:00+08:00 ] 0.0.0.0 /webshixun/index.php/Trains/index/?_=1504744978975
INFO: [ app_begin ] --START--
INFO: ReadHtmlCache Behavior ::run [ RunTime:0.000356s ]
INFO: [ app_begin ] --END-- [ RunTime:0.000405s ]
SQL: SHOW COLUMNS FROM `trains` [ RunTime:0.005771s ]
SQL: SELECT COUNT(*) AS tp_count FROM `trains` WHERE ( `status` <> -1 ) LIMIT 1   [ RunTime:0.000516s ]
SQL: SELECT * FROM `trains` WHERE ( `status` <> -1 ) ORDER BY `nkey` desc LIMIT 0,20   [ RunTime:0.000506s ]
INFO: [ view_parse ] --START--
NOTIC: [8] Undefined index: _order F:\php\study\WWW\webshixun\Admin\Runtime\Cache\df822f1d4386688d13a0ee92c2c9bda3.php 第 3 行.
NOTIC: [8] Undefined index: trains F:\php\study\WWW\webshixun\Admin\Runtime\Cache\df822f1d4386688d13a0ee92c2c9bda3.php 第 4 行.
NOTIC: [8] Undefined index: _sort F:\php\study\WWW\webshixun\Admin\Runtime\Cache\df822f1d4386688d13a0ee92c2c9bda3.php 第 5 行.
NOTIC: [8] Undefined index: relKeyword F:\php\study\WWW\webshixun\Admin\Runtime\Cache\df822f1d4386688d13a0ee92c2c9bda3.php 第 6 行.
NOTIC: [8] Undefined index: trains F:\php\study\WWW\webshixun\Admin\Runtime\Cache\df822f1d4386688d13a0ee92c2c9bda3.php 第 14 行.
INFO: ParseTemplate Behavior ::run [ RunTime:0.035318s ]
INFO: [ view_parse ] --END-- [ RunTime:0.035372s ]
INFO: [ view_filter ] --START--
INFO: ContentReplace Behavior ::run [ RunTime:0.000284s ]
INFO: TokenBuild Behavior ::run [ RunTime:0.000251s ]
INFO: WriteHtmlCache Behavior ::run [ RunTime:0.000202s ]
INFO: ShowRuntime Behavior ::run [ RunTime:0.000341s ]
INFO: [ view_filter ] --END-- [ RunTime:0.001194s ]
INFO: [ view_end ] --START--
INFO: ShowPageTrace Behavior ::run [ RunTime:0.000359s ]
INFO: [ view_end ] --END-- [ RunTime:0.000396s ]

[ 2017-09-07T08:43:01+08:00 ] 0.0.0.0 /webshixun/index.php/Trains/add?_=1504744981033
INFO: [ app_begin ] --START--
INFO: ReadHtmlCache Behavior ::run [ RunTime:0.000473s ]
INFO: [ app_begin ] --END-- [ RunTime:0.000535s ]
INFO: [ view_parse ] --START--
NOTIC: [8] Undefined index: authId F:\php\study\WWW\webshixun\Admin\Runtime\Cache\896429659f2aaf3d7475ac1b5915cffc.php 第 3 行.
INFO: ParseTemplate Behavior ::run [ RunTime:0.030966s ]
INFO: [ view_parse ] --END-- [ RunTime:0.031113s ]
INFO: [ view_filter ] --START--
INFO: ContentReplace Behavior ::run [ RunTime:0.000273s ]
INFO: TokenBuild Behavior ::run [ RunTime:0.000260s ]
INFO: WriteHtmlCache Behavior ::run [ RunTime:0.000833s ]
INFO: ShowRuntime Behavior ::run [ RunTime:0.000719s ]
INFO: [ view_filter ] --END-- [ RunTime:0.002319s ]
INFO: [ view_end ] --START--
INFO: ShowPageTrace Behavior ::run [ RunTime:0.000365s ]
INFO: [ view_end ] --END-- [ RunTime:0.000400s ]

[ 2017-09-07T08:43:07+08:00 ] 0.0.0.0 /webshixun/index.php/Trains/edit/nkey/4?_=1504744986626
INFO: [ app_begin ] --START--
INFO: ReadHtmlCache Behavior ::run [ RunTime:0.000471s ]
INFO: [ app_begin ] --END-- [ RunTime:0.000538s ]
SQL: SHOW COLUMNS FROM `trains` [ RunTime:0.004277s ]
SQL: SELECT * FROM `trains` WHERE ( nkey=4 ) LIMIT 1   [ RunTime:0.000378s ]
INFO: [ view_parse ] --START--
NOTIC: [8] Undefined index: authId F:\php\study\WWW\webshixun\Admin\Runtime\Cache\279e1b5f164423daf2fd9c42b07c3fc1.php 第 4 行.
NOTIC: [8] Undefined index: show F:\php\study\WWW\webshixun\Admin\Runtime\Cache\279e1b5f164423daf2fd9c42b07c3fc1.php 第 36 行.
NOTIC: [8] Undefined index: show F:\php\study\WWW\webshixun\Admin\Runtime\Cache\279e1b5f164423daf2fd9c42b07c3fc1.php 第 37 行.
INFO: ParseTemplate Behavior ::run [ RunTime:0.049721s ]
INFO: [ view_parse ] --END-- [ RunTime:0.049773s ]
INFO: [ view_filter ] --START--
INFO: ContentReplace Behavior ::run [ RunTime:0.000262s ]
INFO: TokenBuild Behavior ::run [ RunTime:0.000264s ]
INFO: WriteHtmlCache Behavior ::run [ RunTime:0.000176s ]
INFO: ShowRuntime Behavior ::run [ RunTime:0.000311s ]
INFO: [ view_filter ] --END-- [ RunTime:0.001111s ]
INFO: [ view_end ] --START--
INFO: ShowPageTrace Behavior ::run [ RunTime:0.000363s ]
INFO: [ view_end ] --END-- [ RunTime:0.000417s ]

